Arguments: 
  C:\Program Files\nodejs\node.exe D:\node\node_modules\yarn\bin\yarn.js add webapck webpack-cli -D

PATH: 
  C:\Program Files (x86)\Common Files\Oracle\Java\javapath;D:\work\xhell\;D:\work\xftp\;C:\SunwiseInfo\SpecChecker2.4.5.1\;C:\SunwiseInfo\SpecChecker2.4.5.1\\VTest;C:\SunwiseInfo\SpecChecker2.4.5.1\\msys\bin;C:\SunwiseInfo\SpecChecker2.4.5.1\\sparc-rtems\bin;C:\SunwiseInfo\SpecChecker2.4.5.1\\VTest\python;C:\Program Files (x86)\Intel\iCLS Client\;C:\Program Files\Intel\iCLS Client\;C:\WINDOWS\system32;C:\WINDOWS;C:\WINDOWS\System32\Wbem;C:\WINDOWS\System32\WindowsPowerShell\v1.0\;C:\Program Files (x86)\Intel\Intel(R) Management Engine Components\DAL;C:\Program Files\Intel\Intel(R) Management Engine Components\DAL;C:\Program Files (x86)\Intel\Intel(R) Management Engine Components\IPT;C:\Program Files\Intel\Intel(R) Management Engine Components\IPT;C:\Program Files\Git\cmd;D:\node\;C:\WINDOWS\System32\OpenSSH\;C:\Program Files\dotnet\;C:\Program Files\Microsoft SQL Server\130\Tools\Binn\;C:\Program Files\Microsoft\Web Platform Installer\;C:\Program Files (x86)\Microsoft ASP.NET\ASP.NET Web Pages\v1.0\;C:\Program Files\Microsoft SQL Server\110\Tools\Binn\;C:\Program Files (x86)\Microsoft SQL Server\100\Tools\Binn\;C:\Program Files\Microsoft SQL Server\100\Tools\Binn\;C:\Program Files\Microsoft SQL Server\100\DTS\Binn\;D:\software\SVN\tools\bin;C:\Program Files\nodejs\;D:\software\msys64\mingw32\bin;D:\software\vs\MicrosoftVisualStudio\VC\Tools\MSVC\14.16.27023\bin\Hostx64\arm;D:\software\jdk1.8\java\jdk\bin;D:\software\jdk1.8\java\jdk\jre\bin;D:\src\flutter\bin;D:\node\bin;D:\software\powerShell\install\7-preview\preview;C:\Ruby25-x64\bin;C:\Users\shixiaobo\AppData\Local\Microsoft\WindowsApps;D:\software\vscode\Microsoft VS Code\bin;C:\Users\shixiaobo\.dotnet\tools;C:\Users\shixiaobo\AppData\Local\Microsoft\WindowsApps;C:\Users\shixiaobo\AppData\Roaming\npm

Yarn version: 
  1.22.10

Node version: 
  12.14.1

Platform: 
  win32 x64

Trace: 
  Error: https://registry.npm.taobao.org/webapck: Not found
      at Request.params.callback [as _callback] (D:\node\node_modules\yarn\lib\cli.js:66988:18)
      at Request.self.callback (D:\node\node_modules\yarn\lib\cli.js:140662:22)
      at Request.emit (events.js:223:5)
      at Request.<anonymous> (D:\node\node_modules\yarn\lib\cli.js:141634:10)
      at Request.emit (events.js:223:5)
      at IncomingMessage.<anonymous> (D:\node\node_modules\yarn\lib\cli.js:141556:12)
      at Object.onceWrapper (events.js:312:28)
      at IncomingMessage.emit (events.js:228:7)
      at endReadableNT (_stream_readable.js:1185:12)
      at processTicksAndRejections (internal/process/task_queues.js:81:21)

npm manifest: 
  {
    "name": "webpack5",
    "version": "1.0.0",
    "description": "",
    "private": true,
    "scripts": {
      "dev": "webpack --mode development",
      "prod": "webapck --mode production"
    },
    "keywords": [],
    "author": "",
    "license": "ISC",
    "dependencies": {
    },
    "devDependencies": {
    }
  }

yarn manifest: 
  No manifest

Lockfile: 
  No lockfile
